~/Documents/umpire_fe/log/create-game_pk_gamday_link_xwalk.log
2019-09-25 15:27:40
Reading in umpire data
Identifying unique dates in umpire data
Querying for game_pks and gameday link...
[1] 1
http://gd2.mlb.com/components/game/mlb/year_2016/month_10/day_02/miniscoreboard.xml 
[1] 2
http://gd2.mlb.com/components/game/mlb/year_2016/month_10/day_01/miniscoreboard.xml 
[1] 3
http://gd2.mlb.com/components/game/mlb/year_2016/month_09/day_30/miniscoreboard.xml 
[1] 4
http://gd2.mlb.com/components/game/mlb/year_2016/month_09/day_29/miniscoreboard.xml 
[1] 5
http://gd2.mlb.com/components/game/mlb/year_2016/month_09/day_28/miniscoreboard.xml 
[1] 6
http://gd2.mlb.com/components/game/mlb/year_2016/month_09/day_27/miniscoreboard.xml 
[1] 7
http://gd2.mlb.com/components/game/mlb/year_2016/month_09/day_26/miniscoreboard.xml 
[1] 8
http://gd2.mlb.com/components/game/mlb/year_2016/month_09/day_25/miniscoreboard.xml 
[1] 9
http://gd2.mlb.com/components/game/mlb/year_2016/month_09/day_24/miniscoreboard.xml 
[1] 10
http://gd2.mlb.com/components/game/mlb/year_2016/month_09/day_23/miniscoreboard.xml 
[1] 11
http://gd2.mlb.com/components/game/mlb/year_2016/month_09/day_22/miniscoreboard.xml 
[1] 12
http://gd2.mlb.com/components/game/mlb/year_2016/month_09/day_21/miniscoreboard.xml 
[1] 13
http://gd2.mlb.com/components/game/mlb/year_2016/month_09/day_20/miniscoreboard.xml 
[1] 14
http://gd2.mlb.com/components/game/mlb/year_2016/month_09/day_19/miniscoreboard.xml 
[1] 15
http://gd2.mlb.com/components/game/mlb/year_2016/month_09/day_18/miniscoreboard.xml 
[1] 16
http://gd2.mlb.com/components/game/mlb/year_2016/month_09/day_17/miniscoreboard.xml 
[1] 17
http://gd2.mlb.com/components/game/mlb/year_2016/month_09/day_16/miniscoreboard.xml 
[1] 18
http://gd2.mlb.com/components/game/mlb/year_2016/month_09/day_15/miniscoreboard.xml 
[1] 19
http://gd2.mlb.com/components/game/mlb/year_2016/month_09/day_14/miniscoreboard.xml 
[1] 20
http://gd2.mlb.com/components/game/mlb/year_2016/month_09/day_13/miniscoreboard.xml 
[1] 21
http://gd2.mlb.com/components/game/mlb/year_2016/month_09/day_12/miniscoreboard.xml 
[1] 22
http://gd2.mlb.com/components/game/mlb/year_2016/month_09/day_11/miniscoreboard.xml 
[1] 23
http://gd2.mlb.com/components/game/mlb/year_2016/month_09/day_10/miniscoreboard.xml 
[1] 24
http://gd2.mlb.com/components/game/mlb/year_2016/month_09/day_09/miniscoreboard.xml 
[1] 25
http://gd2.mlb.com/components/game/mlb/year_2016/month_09/day_08/miniscoreboard.xml 
[1] 26
http://gd2.mlb.com/components/game/mlb/year_2016/month_09/day_07/miniscoreboard.xml 
[1] 27
http://gd2.mlb.com/components/game/mlb/year_2016/month_09/day_06/miniscoreboard.xml 
[1] 28
http://gd2.mlb.com/components/game/mlb/year_2016/month_09/day_05/miniscoreboard.xml 
[1] 29
http://gd2.mlb.com/components/game/mlb/year_2016/month_09/day_04/miniscoreboard.xml 
[1] 30
http://gd2.mlb.com/components/game/mlb/year_2016/month_09/day_03/miniscoreboard.xml 
[1] 31
http://gd2.mlb.com/components/game/mlb/year_2016/month_09/day_02/miniscoreboard.xml 
[1] 32
http://gd2.mlb.com/components/game/mlb/year_2016/month_09/day_01/miniscoreboard.xml 
[1] 33
http://gd2.mlb.com/components/game/mlb/year_2016/month_08/day_31/miniscoreboard.xml 
[1] 34
http://gd2.mlb.com/components/game/mlb/year_2016/month_08/day_30/miniscoreboard.xml 
[1] 35
http://gd2.mlb.com/components/game/mlb/year_2016/month_08/day_29/miniscoreboard.xml 
[1] 36
http://gd2.mlb.com/components/game/mlb/year_2016/month_08/day_28/miniscoreboard.xml 
[1] 37
http://gd2.mlb.com/components/game/mlb/year_2016/month_08/day_27/miniscoreboard.xml 
[1] 38
http://gd2.mlb.com/components/game/mlb/year_2016/month_08/day_26/miniscoreboard.xml 
[1] 39
http://gd2.mlb.com/components/game/mlb/year_2016/month_08/day_25/miniscoreboard.xml 
[1] 40
http://gd2.mlb.com/components/game/mlb/year_2016/month_08/day_24/miniscoreboard.xml 
[1] 41
http://gd2.mlb.com/components/game/mlb/year_2016/month_08/day_23/miniscoreboard.xml 
[1] 42
http://gd2.mlb.com/components/game/mlb/year_2016/month_08/day_22/miniscoreboard.xml 
[1] 43
http://gd2.mlb.com/components/game/mlb/year_2016/month_08/day_21/miniscoreboard.xml 
[1] 44
http://gd2.mlb.com/components/game/mlb/year_2016/month_08/day_20/miniscoreboard.xml 
[1] 45
http://gd2.mlb.com/components/game/mlb/year_2016/month_08/day_19/miniscoreboard.xml 
[1] 46
http://gd2.mlb.com/components/game/mlb/year_2016/month_08/day_18/miniscoreboard.xml 
[1] 47
http://gd2.mlb.com/components/game/mlb/year_2016/month_08/day_17/miniscoreboard.xml 
[1] 48
http://gd2.mlb.com/components/game/mlb/year_2016/month_08/day_16/miniscoreboard.xml 
[1] 49
http://gd2.mlb.com/components/game/mlb/year_2016/month_08/day_15/miniscoreboard.xml 
[1] 50
http://gd2.mlb.com/components/game/mlb/year_2016/month_08/day_14/miniscoreboard.xml 
[1] 51
http://gd2.mlb.com/components/game/mlb/year_2016/month_08/day_13/miniscoreboard.xml 
[1] 52
http://gd2.mlb.com/components/game/mlb/year_2016/month_08/day_12/miniscoreboard.xml 
[1] 53
http://gd2.mlb.com/components/game/mlb/year_2016/month_08/day_11/miniscoreboard.xml 
[1] 54
http://gd2.mlb.com/components/game/mlb/year_2016/month_08/day_10/miniscoreboard.xml 
[1] 55
http://gd2.mlb.com/components/game/mlb/year_2016/month_08/day_09/miniscoreboard.xml 
[1] 56
http://gd2.mlb.com/components/game/mlb/year_2016/month_08/day_08/miniscoreboard.xml 
[1] 57
http://gd2.mlb.com/components/game/mlb/year_2016/month_08/day_07/miniscoreboard.xml 
[1] 58
http://gd2.mlb.com/components/game/mlb/year_2016/month_08/day_06/miniscoreboard.xml 
[1] 59
http://gd2.mlb.com/components/game/mlb/year_2016/month_08/day_05/miniscoreboard.xml 
[1] 60
http://gd2.mlb.com/components/game/mlb/year_2016/month_08/day_04/miniscoreboard.xml 
[1] 61
http://gd2.mlb.com/components/game/mlb/year_2016/month_08/day_03/miniscoreboard.xml 
[1] 62
http://gd2.mlb.com/components/game/mlb/year_2016/month_08/day_02/miniscoreboard.xml 
[1] 63
http://gd2.mlb.com/components/game/mlb/year_2016/month_08/day_01/miniscoreboard.xml 
[1] 64
http://gd2.mlb.com/components/game/mlb/year_2016/month_07/day_31/miniscoreboard.xml 
[1] 65
http://gd2.mlb.com/components/game/mlb/year_2016/month_07/day_30/miniscoreboard.xml 
[1] 66
http://gd2.mlb.com/components/game/mlb/year_2016/month_07/day_29/miniscoreboard.xml 
[1] 67
http://gd2.mlb.com/components/game/mlb/year_2016/month_07/day_28/miniscoreboard.xml 
[1] 68
http://gd2.mlb.com/components/game/mlb/year_2016/month_07/day_27/miniscoreboard.xml 
[1] 69
http://gd2.mlb.com/components/game/mlb/year_2016/month_07/day_26/miniscoreboard.xml 
[1] 70
http://gd2.mlb.com/components/game/mlb/year_2016/month_07/day_25/miniscoreboard.xml 
[1] 71
http://gd2.mlb.com/components/game/mlb/year_2016/month_07/day_24/miniscoreboard.xml 
[1] 72
http://gd2.mlb.com/components/game/mlb/year_2016/month_07/day_23/miniscoreboard.xml 
[1] 73
http://gd2.mlb.com/components/game/mlb/year_2016/month_07/day_22/miniscoreboard.xml 
[1] 74
http://gd2.mlb.com/components/game/mlb/year_2016/month_07/day_21/miniscoreboard.xml 
[1] 75
http://gd2.mlb.com/components/game/mlb/year_2016/month_07/day_20/miniscoreboard.xml 
[1] 76
http://gd2.mlb.com/components/game/mlb/year_2016/month_07/day_19/miniscoreboard.xml 
[1] 77
http://gd2.mlb.com/components/game/mlb/year_2016/month_07/day_18/miniscoreboard.xml 
[1] 78
http://gd2.mlb.com/components/game/mlb/year_2016/month_07/day_17/miniscoreboard.xml 
[1] 79
http://gd2.mlb.com/components/game/mlb/year_2016/month_07/day_16/miniscoreboard.xml 
[1] 80
http://gd2.mlb.com/components/game/mlb/year_2016/month_07/day_15/miniscoreboard.xml 
[1] 81
http://gd2.mlb.com/components/game/mlb/year_2016/month_07/day_10/miniscoreboard.xml 
[1] 82
http://gd2.mlb.com/components/game/mlb/year_2016/month_07/day_09/miniscoreboard.xml 
[1] 83
http://gd2.mlb.com/components/game/mlb/year_2016/month_07/day_08/miniscoreboard.xml 
[1] 84
http://gd2.mlb.com/components/game/mlb/year_2016/month_07/day_07/miniscoreboard.xml 
[1] 85
http://gd2.mlb.com/components/game/mlb/year_2016/month_07/day_06/miniscoreboard.xml 
[1] 86
http://gd2.mlb.com/components/game/mlb/year_2016/month_07/day_05/miniscoreboard.xml 
[1] 87
http://gd2.mlb.com/components/game/mlb/year_2016/month_07/day_04/miniscoreboard.xml 
[1] 88
http://gd2.mlb.com/components/game/mlb/year_2016/month_07/day_03/miniscoreboard.xml 
[1] 89
http://gd2.mlb.com/components/game/mlb/year_2016/month_07/day_02/miniscoreboard.xml 
[1] 90
http://gd2.mlb.com/components/game/mlb/year_2016/month_07/day_01/miniscoreboard.xml 
[1] 91
http://gd2.mlb.com/components/game/mlb/year_2016/month_06/day_30/miniscoreboard.xml 
[1] 92
http://gd2.mlb.com/components/game/mlb/year_2016/month_06/day_29/miniscoreboard.xml 
[1] 93
http://gd2.mlb.com/components/game/mlb/year_2016/month_06/day_28/miniscoreboard.xml 
[1] 94
http://gd2.mlb.com/components/game/mlb/year_2016/month_06/day_27/miniscoreboard.xml 
[1] 95
http://gd2.mlb.com/components/game/mlb/year_2016/month_06/day_26/miniscoreboard.xml 
[1] 96
http://gd2.mlb.com/components/game/mlb/year_2016/month_06/day_25/miniscoreboard.xml 
[1] 97
http://gd2.mlb.com/components/game/mlb/year_2016/month_06/day_24/miniscoreboard.xml 
[1] 98
http://gd2.mlb.com/components/game/mlb/year_2016/month_06/day_23/miniscoreboard.xml 
[1] 99
http://gd2.mlb.com/components/game/mlb/year_2016/month_06/day_22/miniscoreboard.xml 
[1] 100
http://gd2.mlb.com/components/game/mlb/year_2016/month_06/day_21/miniscoreboard.xml 
[1] 101
http://gd2.mlb.com/components/game/mlb/year_2016/month_06/day_20/miniscoreboard.xml 
[1] 102
http://gd2.mlb.com/components/game/mlb/year_2016/month_06/day_19/miniscoreboard.xml 
[1] 103
http://gd2.mlb.com/components/game/mlb/year_2016/month_06/day_18/miniscoreboard.xml 
[1] 104
http://gd2.mlb.com/components/game/mlb/year_2016/month_06/day_17/miniscoreboard.xml 
[1] 105
http://gd2.mlb.com/components/game/mlb/year_2016/month_06/day_16/miniscoreboard.xml 
[1] 106
http://gd2.mlb.com/components/game/mlb/year_2016/month_06/day_15/miniscoreboard.xml 
[1] 107
http://gd2.mlb.com/components/game/mlb/year_2016/month_06/day_14/miniscoreboard.xml 
[1] 108
http://gd2.mlb.com/components/game/mlb/year_2016/month_06/day_13/miniscoreboard.xml 
[1] 109
http://gd2.mlb.com/components/game/mlb/year_2016/month_06/day_12/miniscoreboard.xml 
[1] 110
http://gd2.mlb.com/components/game/mlb/year_2016/month_06/day_11/miniscoreboard.xml 
[1] 111
http://gd2.mlb.com/components/game/mlb/year_2016/month_06/day_10/miniscoreboard.xml 
[1] 112
http://gd2.mlb.com/components/game/mlb/year_2016/month_06/day_09/miniscoreboard.xml 
[1] 113
http://gd2.mlb.com/components/game/mlb/year_2016/month_06/day_08/miniscoreboard.xml 
[1] 114
http://gd2.mlb.com/components/game/mlb/year_2016/month_06/day_07/miniscoreboard.xml 
[1] 115
http://gd2.mlb.com/components/game/mlb/year_2016/month_06/day_06/miniscoreboard.xml 
[1] 116
http://gd2.mlb.com/components/game/mlb/year_2016/month_06/day_05/miniscoreboard.xml 
[1] 117
http://gd2.mlb.com/components/game/mlb/year_2016/month_06/day_04/miniscoreboard.xml 
[1] 118
http://gd2.mlb.com/components/game/mlb/year_2016/month_06/day_03/miniscoreboard.xml 
[1] 119
http://gd2.mlb.com/components/game/mlb/year_2016/month_06/day_02/miniscoreboard.xml 
[1] 120
http://gd2.mlb.com/components/game/mlb/year_2016/month_06/day_01/miniscoreboard.xml 
[1] 121
http://gd2.mlb.com/components/game/mlb/year_2016/month_05/day_31/miniscoreboard.xml 
[1] 122
http://gd2.mlb.com/components/game/mlb/year_2016/month_05/day_30/miniscoreboard.xml 
[1] 123
http://gd2.mlb.com/components/game/mlb/year_2016/month_05/day_29/miniscoreboard.xml 
[1] 124
http://gd2.mlb.com/components/game/mlb/year_2016/month_05/day_28/miniscoreboard.xml 
[1] 125
http://gd2.mlb.com/components/game/mlb/year_2016/month_05/day_27/miniscoreboard.xml 
[1] 126
http://gd2.mlb.com/components/game/mlb/year_2016/month_05/day_26/miniscoreboard.xml 
[1] 127
http://gd2.mlb.com/components/game/mlb/year_2016/month_05/day_25/miniscoreboard.xml 
[1] 128
http://gd2.mlb.com/components/game/mlb/year_2016/month_05/day_24/miniscoreboard.xml 
[1] 129
http://gd2.mlb.com/components/game/mlb/year_2016/month_05/day_23/miniscoreboard.xml 
[1] 130
http://gd2.mlb.com/components/game/mlb/year_2016/month_05/day_22/miniscoreboard.xml 
[1] 131
http://gd2.mlb.com/components/game/mlb/year_2016/month_05/day_21/miniscoreboard.xml 
[1] 132
http://gd2.mlb.com/components/game/mlb/year_2016/month_05/day_20/miniscoreboard.xml 
[1] 133
http://gd2.mlb.com/components/game/mlb/year_2016/month_05/day_19/miniscoreboard.xml 
[1] 134
http://gd2.mlb.com/components/game/mlb/year_2016/month_05/day_18/miniscoreboard.xml 
[1] 135
http://gd2.mlb.com/components/game/mlb/year_2016/month_05/day_17/miniscoreboard.xml 
[1] 136
http://gd2.mlb.com/components/game/mlb/year_2016/month_05/day_16/miniscoreboard.xml 
[1] 137
http://gd2.mlb.com/components/game/mlb/year_2016/month_05/day_15/miniscoreboard.xml 
[1] 138
http://gd2.mlb.com/components/game/mlb/year_2016/month_05/day_14/miniscoreboard.xml 
[1] 139
http://gd2.mlb.com/components/game/mlb/year_2016/month_05/day_13/miniscoreboard.xml 
[1] 140
http://gd2.mlb.com/components/game/mlb/year_2016/month_05/day_12/miniscoreboard.xml 
[1] 141
http://gd2.mlb.com/components/game/mlb/year_2016/month_05/day_11/miniscoreboard.xml 
[1] 142
http://gd2.mlb.com/components/game/mlb/year_2016/month_05/day_10/miniscoreboard.xml 
[1] 143
http://gd2.mlb.com/components/game/mlb/year_2016/month_05/day_09/miniscoreboard.xml 
[1] 144
http://gd2.mlb.com/components/game/mlb/year_2016/month_05/day_08/miniscoreboard.xml 
[1] 145
http://gd2.mlb.com/components/game/mlb/year_2016/month_05/day_07/miniscoreboard.xml 
[1] 146
http://gd2.mlb.com/components/game/mlb/year_2016/month_05/day_06/miniscoreboard.xml 
[1] 147
http://gd2.mlb.com/components/game/mlb/year_2016/month_05/day_05/miniscoreboard.xml 
[1] 148
http://gd2.mlb.com/components/game/mlb/year_2016/month_05/day_04/miniscoreboard.xml 
[1] 149
http://gd2.mlb.com/components/game/mlb/year_2016/month_05/day_03/miniscoreboard.xml 
[1] 150
http://gd2.mlb.com/components/game/mlb/year_2016/month_05/day_02/miniscoreboard.xml 
[1] 151
http://gd2.mlb.com/components/game/mlb/year_2016/month_05/day_01/miniscoreboard.xml 
[1] 152
http://gd2.mlb.com/components/game/mlb/year_2016/month_04/day_30/miniscoreboard.xml 
[1] 153
http://gd2.mlb.com/components/game/mlb/year_2016/month_04/day_29/miniscoreboard.xml 
[1] 154
http://gd2.mlb.com/components/game/mlb/year_2016/month_04/day_28/miniscoreboard.xml 
[1] 155
http://gd2.mlb.com/components/game/mlb/year_2016/month_04/day_27/miniscoreboard.xml 
[1] 156
http://gd2.mlb.com/components/game/mlb/year_2016/month_04/day_26/miniscoreboard.xml 
[1] 157
http://gd2.mlb.com/components/game/mlb/year_2016/month_04/day_25/miniscoreboard.xml 
[1] 158
http://gd2.mlb.com/components/game/mlb/year_2016/month_04/day_24/miniscoreboard.xml 
[1] 159
http://gd2.mlb.com/components/game/mlb/year_2016/month_04/day_23/miniscoreboard.xml 
[1] 160
http://gd2.mlb.com/components/game/mlb/year_2016/month_04/day_22/miniscoreboard.xml 
[1] 161
http://gd2.mlb.com/components/game/mlb/year_2016/month_04/day_21/miniscoreboard.xml 
[1] 162
http://gd2.mlb.com/components/game/mlb/year_2016/month_04/day_20/miniscoreboard.xml 
[1] 163
http://gd2.mlb.com/components/game/mlb/year_2016/month_04/day_19/miniscoreboard.xml 
[1] 164
http://gd2.mlb.com/components/game/mlb/year_2016/month_04/day_18/miniscoreboard.xml 
[1] 165
http://gd2.mlb.com/components/game/mlb/year_2016/month_04/day_17/miniscoreboard.xml 
[1] 166
http://gd2.mlb.com/components/game/mlb/year_2016/month_04/day_16/miniscoreboard.xml 
[1] 167
http://gd2.mlb.com/components/game/mlb/year_2016/month_04/day_15/miniscoreboard.xml 
[1] 168
http://gd2.mlb.com/components/game/mlb/year_2016/month_04/day_14/miniscoreboard.xml 
[1] 169
http://gd2.mlb.com/components/game/mlb/year_2016/month_04/day_13/miniscoreboard.xml 
[1] 170
http://gd2.mlb.com/components/game/mlb/year_2016/month_04/day_12/miniscoreboard.xml 
[1] 171
http://gd2.mlb.com/components/game/mlb/year_2016/month_04/day_11/miniscoreboard.xml 
[1] 172
http://gd2.mlb.com/components/game/mlb/year_2016/month_04/day_10/miniscoreboard.xml 
[1] 173
http://gd2.mlb.com/components/game/mlb/year_2016/month_04/day_09/miniscoreboard.xml 
[1] 174
http://gd2.mlb.com/components/game/mlb/year_2016/month_04/day_08/miniscoreboard.xml 
[1] 175
http://gd2.mlb.com/components/game/mlb/year_2016/month_04/day_07/miniscoreboard.xml 
[1] 176
http://gd2.mlb.com/components/game/mlb/year_2016/month_04/day_06/miniscoreboard.xml 
[1] 177
http://gd2.mlb.com/components/game/mlb/year_2016/month_04/day_05/miniscoreboard.xml 
[1] 178
http://gd2.mlb.com/components/game/mlb/year_2016/month_04/day_04/miniscoreboard.xml 
[1] 179
http://gd2.mlb.com/components/game/mlb/year_2016/month_04/day_03/miniscoreboard.xml 
Exporting...
Done.
2019-09-25 15:30:05
144.272 sec elapsed
